#
# There is insufficient memory for the Java Runtime Environment to continue.
# Native memory allocation (malloc) failed to allocate 1590416 bytes for Chunk::new
# Possible reasons:
#   The system is out of physical RAM or swap space
#   The process is running with CompressedOops enabled, and the Java Heap may be blocking the growth of the native heap
# Possible solutions:
#   Reduce memory load on the system
#   Increase physical memory or swap space
#   Check if swap backing store is full
#   Decrease Java heap size (-Xmx/-Xms)
#   Decrease number of Java threads
#   Decrease Java thread stack sizes (-Xss)
#   Set larger code cache with -XX:ReservedCodeCacheSize=
#   JVM is running with Unscaled Compressed Oops mode in which the Java heap is
#     placed in the first 4GB address space. The Java Heap base address is the
#     maximum limit for the native heap growth. Please use -XX:HeapBaseMinAddress
#     to set the Java Heap base and to place the Java Heap above 4GB virtual address.
# This output file may be truncated or incomplete.
#
#  Out of Memory Error (allocation.cpp:389), pid=6732, tid=0x0000000000000d50
#
# JRE version: OpenJDK Runtime Environment (8.0_202-b03) (build 1.8.0_202-release-1483-b03)
# Java VM: OpenJDK 64-Bit Server VM (25.202-b03 mixed mode windows-amd64 compressed oops)
# Failed to write core dump. Minidumps are not enabled by default on client versions of Windows
#

---------------  T H R E A D  ---------------

Current thread (0x000000005784b000):  JavaThread "C2 CompilerThread1" daemon [_thread_in_native, id=3408, stack(0x0000000058180000,0x0000000058280000)]

Stack: [0x0000000058180000,0x0000000058280000]
[error occurred during error reporting (printing stack bounds), id 0xc0000005]

Native frames: (J=compiled Java code, j=interpreted, Vv=VM code, C=native code)


Current CompileTask:
C2:1165774 18352 %     4       com.android.tools.r8.ir.regalloc.LinearScanRegisterAllocator::a @ 366 (3743 bytes)


---------------  P R O C E S S  ---------------

Java Threads: ( => current thread )
  0x00000000586e2800 JavaThread "Cache worker for Java compile cache (C:\Users\David\AndroidStudioProjects\MiAppUI\.gradle\5.4.1\javaCompile)" [_thread_blocked, id=6192, stack(0x0000000066870000,0x0000000066970000)]
  0x00000000586e0800 JavaThread "Cache worker for Java compile cache (C:\Users\David\.gradle\caches\5.4.1\javaCompile)" [_thread_blocked, id=2856, stack(0x0000000065110000,0x0000000065210000)]
  0x00000000586df000 JavaThread "stdout" [_thread_in_native, id=6576, stack(0x0000000065d90000,0x0000000065e90000)]
  0x000000005f01e000 JavaThread "stderr" [_thread_in_native, id=6180, stack(0x0000000065b60000,0x0000000065c60000)]
  0x000000005f01d000 JavaThread "stdout" [_thread_in_native, id=3500, stack(0x0000000065960000,0x0000000065a60000)]
  0x000000005f01c800 JavaThread "stderr" [_thread_in_native, id=5684, stack(0x0000000065760000,0x0000000065860000)]
  0x000000005f01b800 JavaThread "stdout" [_thread_in_native, id=5692, stack(0x0000000065630000,0x0000000065730000)]
  0x000000005f01b000 JavaThread "stderr" [_thread_in_native, id=5424, stack(0x0000000065450000,0x0000000065550000)]
  0x00000000629b6000 JavaThread "stdout" [_thread_in_native, id=6968, stack(0x0000000064c40000,0x0000000064d40000)]
  0x00000000629b5800 JavaThread "stderr" [_thread_in_native, id=3552, stack(0x0000000065230000,0x0000000065330000)]
  0x00000000629b4800 JavaThread "pool-5-thread-1" [_thread_blocked, id=6200, stack(0x0000000064ff0000,0x00000000650f0000)]
  0x00000000629b2800 JavaThread "WorkerExecutor Queue Thread 2" [_thread_in_native, id=5416, stack(0x0000000064af0000,0x0000000064bf0000)]
  0x00000000629b0000 JavaThread "Cache worker for execution history cache (C:\Users\David\AndroidStudioProjects\MiAppUI\.gradle\5.4.1\executionHistory)" [_thread_blocked, id=4632, stack(0x0000000064300000,0x0000000064400000)]
  0x00000000629af800 JavaThread "Execution worker for ':' Thread 3" [_thread_in_Java, id=2844, stack(0x00000000619e0000,0x0000000061ae0000)]
  0x000000005be5a800 JavaThread "Execution worker for ':' Thread 2" [_thread_in_Java, id=6520, stack(0x0000000063d00000,0x0000000063e00000)]
  0x000000005be59800 JavaThread "Execution worker for ':'" [_thread_in_Java, id=5528, stack(0x0000000063b10000,0x0000000063c10000)]
  0x000000005be59000 JavaThread "Cache worker for file content cache (C:\Users\David\AndroidStudioProjects\MiAppUI\.gradle\5.4.1\fileContent)" [_thread_blocked, id=5468, stack(0x00000000639b0000,0x0000000063ab0000)]
  0x000000005be58000 JavaThread "Cache worker for file content cache (C:\Users\David\.gradle\caches\5.4.1\fileContent)" [_thread_blocked, id=4276, stack(0x0000000063880000,0x0000000063980000)]
  0x000000005be5b000 JavaThread "Cache worker for Build Output Cleanup Cache (C:\Users\David\AndroidStudioProjects\MiAppUI\.gradle\buildOutputCleanup)" [_thread_blocked, id=5160, stack(0x00000000634e0000,0x00000000635e0000)]
  0x000000005be57800 JavaThread "Build operations Thread 4" [_thread_blocked, id=4700, stack(0x00000000610e0000,0x00000000611e0000)]
  0x000000005be54800 JavaThread "Build operations Thread 3" [_thread_blocked, id=3524, stack(0x0000000060ea0000,0x0000000060fa0000)]
  0x000000005be56800 JavaThread "Build operations Thread 2" [_thread_blocked, id=5188, stack(0x0000000060fa0000,0x00000000610a0000)]
  0x000000005be55000 JavaThread "Build operations" [_thread_blocked, id=6336, stack(0x0000000060d40000,0x0000000060e40000)]
  0x00000000597dc800 JavaThread "Cache worker for cache directory md-rule (C:\Users\David\.gradle\caches\5.4.1\md-rule)" [_thread_blocked, id=3060, stack(0x00000000605d0000,0x00000000606d0000)]
  0x00000000597db800 JavaThread "Cache worker for cache directory md-supplier (C:\Users\David\.gradle\caches\5.4.1\md-supplier)" [_thread_blocked, id=4892, stack(0x00000000602a0000,0x00000000603a0000)]
  0x00000000597d9800 JavaThread "Cache worker for file hash cache (C:\Users\David\AndroidStudioProjects\MiAppUI\.gradle\5.4.1\fileHashes)" [_thread_blocked, id=6440, stack(0x00000000603d0000,0x00000000604d0000)]
  0x00000000597d3800 JavaThread "Thread-51" [_thread_blocked, id=6252, stack(0x000000005e3d0000,0x000000005e4d0000)]
  0x00000000597d7000 JavaThread "Asynchronous log dispatcher for DefaultDaemonConnection: socket connection from /127.0.0.1:7678 to /127.0.0.1:7737" [_thread_blocked, id=5180, stack(0x000000005b100000,0x000000005b200000)]
  0x00000000597d6800 JavaThread "Daemon worker Thread 3" [_thread_blocked, id=868, stack(0x0000000059c20000,0x0000000059d20000)]
  0x00000000597d8800 JavaThread "Cancel handler" [_thread_blocked, id=4148, stack(0x000000005ac90000,0x000000005ad90000)]
  0x00000000597d8000 JavaThread "Handler for socket connection from /127.0.0.1:7678 to /127.0.0.1:7737" [_thread_in_native, id=1972, stack(0x000000005a7f0000,0x000000005a8f0000)]
  0x00000000597d2800 JavaThread "Daemon Thread 3" [_thread_blocked, id=4052, stack(0x000000005a6a0000,0x000000005a7a0000)]
  0x00000000597db000 JavaThread "Memory manager" [_thread_blocked, id=1104, stack(0x0000000061af0000,0x0000000061bf0000)]
  0x00000000597d4000 JavaThread "Cache worker for execution history cache (C:\Users\David\.gradle\caches\5.4.1\executionHistory)" [_thread_blocked, id=2800, stack(0x000000005e6d0000,0x000000005e7d0000)]
  0x00000000597ce000 JavaThread "Cache worker for journal cache (C:\Users\David\.gradle\caches\journal-1)" [_thread_blocked, id=5368, stack(0x000000005b6d0000,0x000000005b7d0000)]
  0x00000000597cd000 JavaThread "File lock request listener" [_thread_in_native, id=3528, stack(0x000000005b230000,0x000000005b330000)]
  0x0000000059691800 JavaThread "Cache worker for file hash cache (C:\Users\David\.gradle\caches\5.4.1\fileHashes)" [_thread_blocked, id=4724, stack(0x000000005b360000,0x000000005b460000)]
  0x0000000059643800 JavaThread "Daemon periodic checks" [_thread_blocked, id=6156, stack(0x000000005a570000,0x000000005a670000)]
  0x00000000595e0800 JavaThread "Incoming local TCP Connector on port 7678" [_thread_in_native, id=5960, stack(0x000000005a3a0000,0x000000005a4a0000)]
  0x00000000597a9000 JavaThread "Daemon health stats" [_thread_blocked, id=7012, stack(0x0000000059e80000,0x0000000059f80000)]
  0x00000000578b2000 JavaThread "Service Thread" daemon [_thread_blocked, id=6676, stack(0x0000000058330000,0x0000000058430000)]
  0x000000005784d000 JavaThread "C1 CompilerThread2" daemon [_thread_blocked, id=6384, stack(0x0000000058080000,0x0000000058180000)]
=>0x000000005784b000 JavaThread "C2 CompilerThread1" daemon [_thread_in_native, id=3408, stack(0x0000000058180000,0x0000000058280000)]
  0x0000000056405800 JavaThread "C2 CompilerThread0" daemon [_thread_in_native, id=4784, stack(0x0000000057c50000,0x0000000057d50000)]
  0x0000000056404000 JavaThread "Attach Listener" daemon [_thread_blocked, id=7024, stack(0x0000000057f40000,0x0000000058040000)]
  0x0000000056403000 JavaThread "Signal Dispatcher" daemon [_thread_blocked, id=7060, stack(0x0000000057db0000,0x0000000057eb0000)]
  0x00000000563ec000 JavaThread "Finalizer" daemon [_thread_blocked, id=6492, stack(0x0000000057730000,0x0000000057830000)]
  0x00000000563e5800 JavaThread "Reference Handler" daemon [_thread_blocked, id=6300, stack(0x0000000057550000,0x0000000057650000)]
  0x000000000223e800 JavaThread "main" [_thread_blocked, id=6292, stack(0x0000000002260000,0x0000000002360000)]

Other Threads:
  0x000000005639e000 VMThread [stack: 0x00000000572f0000,0x00000000573f0000] [id=5772]
  0x00000000578e3000 WatcherThread [stack: 0x0000000057410000,0x0000000057510000] [id=6112]

VM state:not at safepoint (normal execution)

VM Mutex/Monitor currently owned by a thread: None

heap address: 0x00000000a0000000, size: 1536 MB, Compressed Oops mode: 32-bit
Narrow klass base: 0x0000000000000000, Narrow klass shift: 0
Compressed class space size: 1073741824 Address: 0x0000000015a10000

Heap:
 PSYoungGen      total 279552K, used 110977K [0x00000000e0000000, 0x00000000f2b00000, 0x0000000100000000)
  eden space 252928K, 43% used [0x00000000e0000000,0x00000000e6c606c8,0x00000000ef700000)
  from space 26624K, 0% used [0x00000000ef700000,0x00000000ef700000,0x00000000f1100000)
  to   space 25088K, 0% used [0x00000000f1280000,0x00000000f1280000,0x00000000f2b00000)
 ParOldGen       total 126464K, used 63125K [0x00000000a0000000, 0x00000000a7b80000, 0x00000000e0000000)
  object space 126464K, 49% used [0x00000000a0000000,0x00000000a3da57e8,0x00000000a7b80000)
 Metaspace       used 94194K, capacity 97874K, committed 98264K, reserved 1134592K
  class space    used 11982K, capacity 12672K, committed 12760K, reserved 1048576K

Card table byte_map: [0x0000000011b10000,0x0000000011e20000] byte_map_base: 0x0000000011610000

Marking Bits: (ParMarkBitMap*) 0x0000000074d09f30
 Begin Bits: [0x0000000012710000, 0x0000000013f10000)
 End Bits:   [0x0000000013f10000, 0x0000000015710000)

Polling page: 0x0000000000130000

CodeCache: size=245760Kb used=53948Kb max_used=53959Kb free=191811Kb
 bounds [0x0000000002750000, 0x0000000005c80000, 0x0000000011750000]
 total_blobs=16276 nmethods=15368 adapters=817
 compilation: enabled

Compilation events (10 events):
Event: 1165.517 Thread 0x0000000056405800 nmethod 18382 0x0000000004bf65d0 code [0x0000000004bf6740, 0x0000000004bf6b58]
Event: 1165.520 Thread 0x0000000056405800 18406       4       com.android.tools.r8.ir.conversion.N::traceInstruction (259 bytes)
Event: 1165.559 Thread 0x000000005784d000 18440       2       org.objectweb.asm.commons.AnnotationRemapper::visitEnum (18 bytes)
Event: 1165.559 Thread 0x000000005784d000 nmethod 18440 0x0000000004bf6150 code [0x0000000004bf62c0, 0x0000000004bf6478]
Event: 1165.561 Thread 0x000000005784d000 18441       2       org.objectweb.asm.AnnotationWriter::visitEnum (63 bytes)
Event: 1165.561 Thread 0x000000005784d000 nmethod 18441 0x0000000002a22450 code [0x0000000002a22600, 0x0000000002a22898]
Event: 1165.604 Thread 0x000000005784d000 18442       2       org.objectweb.asm.commons.AnnotationRemapper::visitArray (42 bytes)
Event: 1165.605 Thread 0x000000005784d000 nmethod 18442 0x0000000004bf9c50 code [0x0000000004bf9dc0, 0x0000000004bfa038]
Event: 1165.606 Thread 0x000000005784d000 18443       2       org.objectweb.asm.AnnotationWriter::visitArray (74 bytes)
Event: 1165.607 Thread 0x000000005784d000 nmethod 18443 0x0000000003365f50 code [0x00000000033660e0, 0x0000000003366418]

GC Heap History (10 events):
Event: 1161.586 GC heap before
{Heap before GC invocations=33 (full 3):
 PSYoungGen      total 187904K, used 168443K [0x00000000e0000000, 0x00000000efa80000, 0x0000000100000000)
  eden space 160256K, 100% used [0x00000000e0000000,0x00000000e9c80000,0x00000000e9c80000)
  from space 27648K, 29% used [0x00000000e9c80000,0x00000000ea47ee50,0x00000000eb780000)
  to   space 27136K, 0% used [0x00000000ee000000,0x00000000ee000000,0x00000000efa80000)
 ParOldGen       total 86016K, used 69714K [0x00000000a0000000, 0x00000000a5400000, 0x00000000e0000000)
  object space 86016K, 81% used [0x00000000a0000000,0x00000000a4414888,0x00000000a5400000)
 Metaspace       used 94075K, capacity 97850K, committed 98008K, reserved 1134592K
  class space    used 11995K, capacity 12694K, committed 12760K, reserved 1048576K
Event: 1161.632 GC heap after
Heap after GC invocations=33 (full 3):
 PSYoungGen      total 227328K, used 7816K [0x00000000e0000000, 0x00000000ef900000, 0x0000000100000000)
  eden space 201728K, 0% used [0x00000000e0000000,0x00000000e0000000,0x00000000ec500000)
  from space 25600K, 30% used [0x00000000ee000000,0x00000000ee7a23a8,0x00000000ef900000)
  to   space 26624K, 0% used [0x00000000ec500000,0x00000000ec500000,0x00000000edf00000)
 ParOldGen       total 86016K, used 70274K [0x00000000a0000000, 0x00000000a5400000, 0x00000000e0000000)
  object space 86016K, 81% used [0x00000000a0000000,0x00000000a44a0888,0x00000000a5400000)
 Metaspace       used 94075K, capacity 97850K, committed 98008K, reserved 1134592K
  class space    used 11995K, capacity 12694K, committed 12760K, reserved 1048576K
}
Event: 1162.634 GC heap before
{Heap before GC invocations=34 (full 3):
 PSYoungGen      total 227328K, used 209544K [0x00000000e0000000, 0x00000000ef900000, 0x0000000100000000)
  eden space 201728K, 100% used [0x00000000e0000000,0x00000000ec500000,0x00000000ec500000)
  from space 25600K, 30% used [0x00000000ee000000,0x00000000ee7a23a8,0x00000000ef900000)
  to   space 26624K, 0% used [0x00000000ec500000,0x00000000ec500000,0x00000000edf00000)
 ParOldGen       total 86016K, used 70274K [0x00000000a0000000, 0x00000000a5400000, 0x00000000e0000000)
  object space 86016K, 81% used [0x00000000a0000000,0x00000000a44a0888,0x00000000a5400000)
 Metaspace       used 94129K, capacity 97922K, committed 98008K, reserved 1134592K
  class space    used 11995K, capacity 12694K, committed 12760K, reserved 1048576K
Event: 1162.678 GC heap after
Heap after GC invocations=34 (full 3):
 PSYoungGen      total 228352K, used 2536K [0x00000000e0000000, 0x00000000f2d00000, 0x0000000100000000)
  eden space 201728K, 0% used [0x00000000e0000000,0x00000000e0000000,0x00000000ec500000)
  from space 26624K, 9% used [0x00000000ec500000,0x00000000ec77a398,0x00000000edf00000)
  to   space 27136K, 0% used [0x00000000f1280000,0x00000000f1280000,0x00000000f2d00000)
 ParOldGen       total 86016K, used 75416K [0x00000000a0000000, 0x00000000a5400000, 0x00000000e0000000)
  object space 86016K, 87% used [0x00000000a0000000,0x00000000a49a6050,0x00000000a5400000)
 Metaspace       used 94129K, capacity 97922K, committed 98008K, reserved 1134592K
  class space    used 11995K, capacity 12694K, committed 12760K, reserved 1048576K
}
Event: 1163.718 GC heap before
{Heap before GC invocations=35 (full 3):
 PSYoungGen      total 228352K, used 204264K [0x00000000e0000000, 0x00000000f2d00000, 0x0000000100000000)
  eden space 201728K, 100% used [0x00000000e0000000,0x00000000ec500000,0x00000000ec500000)
  from space 26624K, 9% used [0x00000000ec500000,0x00000000ec77a398,0x00000000edf00000)
  to   space 27136K, 0% used [0x00000000f1280000,0x00000000f1280000,0x00000000f2d00000)
 ParOldGen       total 86016K, used 75416K [0x00000000a0000000, 0x00000000a5400000, 0x00000000e0000000)
  object space 86016K, 87% used [0x00000000a0000000,0x00000000a49a6050,0x00000000a5400000)
 Metaspace       used 94160K, capacity 97926K, committed 98008K, reserved 1134592K
  class space    used 11995K, capacity 12694K, committed 12760K, reserved 1048576K
Event: 1163.755 GC heap after
Heap after GC invocations=35 (full 3):
 PSYoungGen      total 278016K, used 5271K [0x00000000e0000000, 0x00000000f2b00000, 0x0000000100000000)
  eden space 252928K, 0% used [0x00000000e0000000,0x00000000e0000000,0x00000000ef700000)
  from space 25088K, 21% used [0x00000000f1280000,0x00000000f17a5ee0,0x00000000f2b00000)
  to   space 26624K, 0% used [0x00000000ef700000,0x00000000ef700000,0x00000000f1100000)
 ParOldGen       total 86016K, used 76627K [0x00000000a0000000, 0x00000000a5400000, 0x00000000e0000000)
  object space 86016K, 89% used [0x00000000a0000000,0x00000000a4ad4f28,0x00000000a5400000)
 Metaspace       used 94160K, capacity 97926K, committed 98008K, reserved 1134592K
  class space    used 11995K, capacity 12694K, committed 12760K, reserved 1048576K
}
Event: 1164.904 GC heap before
{Heap before GC invocations=36 (full 3):
 PSYoungGen      total 278016K, used 258199K [0x00000000e0000000, 0x00000000f2b00000, 0x0000000100000000)
  eden space 252928K, 100% used [0x00000000e0000000,0x00000000ef700000,0x00000000ef700000)
  from space 25088K, 21% used [0x00000000f1280000,0x00000000f17a5ee0,0x00000000f2b00000)
  to   space 26624K, 0% used [0x00000000ef700000,0x00000000ef700000,0x00000000f1100000)
 ParOldGen       total 86016K, used 76627K [0x00000000a0000000, 0x00000000a5400000, 0x00000000e0000000)
  object space 86016K, 89% used [0x00000000a0000000,0x00000000a4ad4f28,0x00000000a5400000)
 Metaspace       used 94234K, capacity 97994K, committed 98264K, reserved 1134592K
  class space    used 11995K, capacity 12694K, committed 12760K, reserved 1048576K
Event: 1165.040 GC heap after
Heap after GC invocations=36 (full 3):
 PSYoungGen      total 279552K, used 1720K [0x00000000e0000000, 0x00000000f2b00000, 0x0000000100000000)
  eden space 252928K, 0% used [0x00000000e0000000,0x00000000e0000000,0x00000000ef700000)
  from space 26624K, 6% used [0x00000000ef700000,0x00000000ef8ae1d8,0x00000000f1100000)
  to   space 25088K, 0% used [0x00000000f1280000,0x00000000f1280000,0x00000000f2b00000)
 ParOldGen       total 86016K, used 81184K [0x00000000a0000000, 0x00000000a5400000, 0x00000000e0000000)
  object space 86016K, 94% used [0x00000000a0000000,0x00000000a4f48108,0x00000000a5400000)
 Metaspace       used 94234K, capacity 97994K, committed 98264K, reserved 1134592K
  class space    used 11995K, capacity 12694K, committed 12760K, reserved 1048576K
}
Event: 1165.040 GC heap before
{Heap before GC invocations=37 (full 4):
 PSYoungGen      total 279552K, used 1720K [0x00000000e0000000, 0x00000000f2b00000, 0x0000000100000000)
  eden space 252928K, 0% used [0x00000000e0000000,0x00000000e0000000,0x00000000ef700000)
  from space 26624K, 6% used [0x00000000ef700000,0x00000000ef8ae1d8,0x00000000f1100000)
  to   space 25088K, 0% used [0x00000000f1280000,0x00000000f1280000,0x00000000f2b00000)
 ParOldGen       total 86016K, used 81184K [0x00000000a0000000, 0x00000000a5400000, 0x00000000e0000000)
  object space 86016K, 94% used [0x00000000a0000000,0x00000000a4f48108,0x00000000a5400000)
 Metaspace       used 94234K, capacity 97994K, committed 98264K, reserved 1134592K
  class space    used 11995K, capacity 12694K, committed 12760K, reserved 1048576K
Event: 1165.490 GC heap after
Heap after GC invocations=37 (full 4):
 PSYoungGen      total 279552K, used 0K [0x00000000e0000000, 0x00000000f2b00000, 0x0000000100000000)
  eden space 252928K, 0% used [0x00000000e0000000,0x00000000e0000000,0x00000000ef700000)
  from space 26624K, 0% used [0x00000000ef700000,0x00000000ef700000,0x00000000f1100000)
  to   space 25088K, 0% used [0x00000000f1280000,0x00000000f1280000,0x00000000f2b00000)
 ParOldGen       total 126464K, used 63125K [0x00000000a0000000, 0x00000000a7b80000, 0x00000000e0000000)
  object space 126464K, 49% used [0x00000000a0000000,0x00000000a3da57e8,0x00000000a7b80000)
 Metaspace       used 94194K, capacity 97874K, committed 98264K, reserved 1134592K
  class space    used 11982K, capacity 12672K, committed 12760K, reserved 1048576K
}

Deoptimization events (10 events):
Event: 1160.076 Thread 0x00000000629af800 Uncommon trap: reason=class_check action=maybe_recompile pc=0x0000000004ca665c method=com.android.tools.r8.ir.conversion.U.a(Lcom/android/tools/r8/ir/conversion/T;)Z @ 4
Event: 1160.076 Thread 0x00000000629af800 Uncommon trap: reason=class_check action=maybe_recompile pc=0x0000000004ca665c method=com.android.tools.r8.ir.conversion.U.a(Lcom/android/tools/r8/ir/conversion/T;)Z @ 4
Event: 1160.076 Thread 0x00000000629af800 Uncommon trap: reason=class_check action=maybe_recompile pc=0x0000000004ca665c method=com.android.tools.r8.ir.conversion.U.a(Lcom/android/tools/r8/ir/conversion/T;)Z @ 4
Event: 1160.441 Thread 0x00000000629af800 Uncommon trap: reason=predicate action=maybe_recompile pc=0x00000000057fd9dc method=com.android.tools.r8.ir.optimize.CodeRewriter.e(Lcom/android/tools/r8/ir/code/Instruction;)Z @ 226
Event: 1161.073 Thread 0x00000000629af800 Uncommon trap: reason=unstable_if action=reinterpret pc=0x00000000057428b0 method=java.util.HashMap.computeIfAbsent(Ljava/lang/Object;Ljava/util/function/Function;)Ljava/lang/Object; @ 89
Event: 1162.063 Thread 0x00000000629af800 Uncommon trap: reason=unstable_if action=reinterpret pc=0x0000000005a6d110 method=com.android.tools.r8.ir.conversion.V.b(Lcom/android/tools/r8/t/a/a/B;)Z @ 11
Event: 1163.056 Thread 0x00000000629af800 Uncommon trap: reason=unstable_if action=reinterpret pc=0x0000000005a7e348 method=com.android.tools.r8.ir.conversion.V.b(Lcom/android/tools/r8/t/a/a/B;)Z @ 11
Event: 1163.057 Thread 0x00000000629af800 Uncommon trap: reason=unstable_if action=reinterpret pc=0x000000000471cd00 method=com.android.tools.r8.ir.conversion.V.b(Lcom/android/tools/r8/t/a/a/B;)Z @ 11
Event: 1163.058 Thread 0x00000000629af800 Uncommon trap: reason=unstable_if action=reinterpret pc=0x0000000005b191b8 method=com.android.tools.r8.ir.conversion.V.b(Lcom/android/tools/r8/t/a/a/B;)Z @ 11
Event: 1163.260 Thread 0x00000000629af800 Uncommon trap: reason=unstable_if action=reinterpret pc=0x0000000005ab9f70 method=com.android.tools.r8.ir.optimize.CodeRewriter.e(Lcom/android/tools/r8/ir/code/Instruction;)Z @ 27

Classes redefined (0 events):
No events

Internal exceptions (10 events):
Event: 1162.405 Thread 0x000000005be5a800 Exception <a 'sun/nio/fs/WindowsException'> (0x00000000ea4cdfe0) thrown at [D:\src\AOSP-openjdk-cygwin\jdk8u\hotspot\src\share\vm\prims\jni.cpp, line 710]
Event: 1162.423 Thread 0x000000005be59800 Exception <a 'sun/nio/fs/WindowsException'> (0x00000000e51a5a28) thrown at [D:\src\AOSP-openjdk-cygwin\jdk8u\hotspot\src\share\vm\prims\jni.cpp, line 710]
Event: 1162.451 Thread 0x000000005be59800 Exception <a 'sun/nio/fs/WindowsException'> (0x00000000eaab4f30) thrown at [D:\src\AOSP-openjdk-cygwin\jdk8u\hotspot\src\share\vm\prims\jni.cpp, line 710]
Event: 1162.474 Thread 0x000000005be5a800 Exception <a 'sun/nio/fs/WindowsException'> (0x00000000eacfdaf0) thrown at [D:\src\AOSP-openjdk-cygwin\jdk8u\hotspot\src\share\vm\prims\jni.cpp, line 710]
Event: 1162.554 Thread 0x000000005be5a800 Exception <a 'sun/nio/fs/WindowsException'> (0x00000000ebb6a810) thrown at [D:\src\AOSP-openjdk-cygwin\jdk8u\hotspot\src\share\vm\prims\jni.cpp, line 710]
Event: 1162.829 Thread 0x000000005be59800 Exception <a 'sun/nio/fs/WindowsException'> (0x00000000e14a84d8) thrown at [D:\src\AOSP-openjdk-cygwin\jdk8u\hotspot\src\share\vm\prims\jni.cpp, line 710]
Event: 1163.374 Thread 0x000000005be59800 Exception <a 'sun/nio/fs/WindowsException'> (0x00000000e9254710) thrown at [D:\src\AOSP-openjdk-cygwin\jdk8u\hotspot\src\share\vm\prims\jni.cpp, line 710]
Event: 1163.570 Thread 0x000000005be5a800 Exception <a 'sun/nio/fs/WindowsException'> (0x00000000ea9c43b0) thrown at [D:\src\AOSP-openjdk-cygwin\jdk8u\hotspot\src\share\vm\prims\jni.cpp, line 710]
Event: 1163.943 Thread 0x000000005be59800 Exception <a 'sun/nio/fs/WindowsException'> (0x00000000e2a27ed0) thrown at [D:\src\AOSP-openjdk-cygwin\jdk8u\hotspot\src\share\vm\prims\jni.cpp, line 710]
Event: 1164.883 Thread 0x000000005be59800 Exception <a 'sun/nio/fs/WindowsException'> (0x00000000ee4bbdd0) thrown at [D:\src\AOSP-openjdk-cygwin\jdk8u\hotspot\src\share\vm\prims\jni.cpp, line 710]

Events (10 events):
Event: 1165.566 Thread 0x000000005be59800 DEOPT UNPACKING pc=0x00000000027975d0 sp=0x0000000063c0bae0 mode 0
Event: 1165.590 Thread 0x000000005be5a800 DEOPT PACKING pc=0x0000000005920842 sp=0x0000000063dfaa70
Event: 1165.590 Thread 0x000000005be5a800 DEOPT UNPACKING pc=0x00000000027975d0 sp=0x0000000063dfaad8 mode 0
Event: 1165.593 Thread 0x000000005be5a800 DEOPT PACKING pc=0x0000000005920842 sp=0x0000000063dfa620
Event: 1165.594 Thread 0x000000005be5a800 DEOPT UNPACKING pc=0x00000000027975d0 sp=0x0000000063dfa688 mode 0
Event: 1165.606 Thread 0x000000005784d000 flushing nmethod 0x0000000003366110
Event: 1165.607 Thread 0x000000005784d000 flushing nmethod 0x0000000003404e10
Event: 1165.607 Thread 0x000000005784d000 flushing nmethod 0x000000000344a2d0
Event: 1165.608 Thread 0x000000005784d000 flushing nmethod 0x00000000035211d0
Event: 1165.609 Thread 0x000000005784d000 flushing nmethod 0x00000000036ca5d0


Dynamic libraries:
0x000000013fec0000 - 0x000000013fef1000 	C:\Program Files\Android\Android Studio\jre\bin\java.exe
0x00000000773f0000 - 0x0000000077599000 	C:\Windows\SYSTEM32\ntdll.dll
0x00000000772d0000 - 0x00000000773ef000 	C:\Windows\system32\kernel32.dll
0x000007fefd6a0000 - 0x000007fefd70b000 	C:\Windows\system32\KERNELBASE.dll
0x000007fefec90000 - 0x000007fefed6b000 	C:\Windows\system32\ADVAPI32.dll
0x000007fefda10000 - 0x000007fefdaaf000 	C:\Windows\system32\msvcrt.dll
0x000007fefdab0000 - 0x000007fefdacf000 	C:\Windows\SYSTEM32\sechost.dll
0x000007feff070000 - 0x000007feff19d000 	C:\Windows\system32\RPCRT4.dll
0x00000000771d0000 - 0x00000000772ca000 	C:\Windows\system32\USER32.dll
0x000007fefee10000 - 0x000007fefee77000 	C:\Windows\system32\GDI32.dll
0x000007fefdad0000 - 0x000007fefdade000 	C:\Windows\system32\LPK.dll
0x000007feff240000 - 0x000007feff309000 	C:\Windows\system32\USP10.dll
0x000007fefbe10000 - 0x000007fefc004000 	C:\Windows\WinSxS\amd64_microsoft.windows.common-controls_6595b64144ccf1df_6.0.7601.17514_none_fa396087175ac9ac\COMCTL32.dll
0x000007feff1a0000 - 0x000007feff211000 	C:\Windows\system32\SHLWAPI.dll
0x000007fefec60000 - 0x000007fefec8e000 	C:\Windows\system32\IMM32.DLL
0x000007fefeee0000 - 0x000007fefefe9000 	C:\Windows\system32\MSCTF.dll
0x00000000672e0000 - 0x00000000673b2000 	C:\Program Files\Android\Android Studio\jre\jre\bin\msvcr100.dll
0x0000000074540000 - 0x0000000074d86000 	C:\Program Files\Android\Android Studio\jre\jre\bin\server\jvm.dll
0x000007fee8300000 - 0x000007fee8309000 	C:\Windows\system32\WSOCK32.dll
0x000007fefeb30000 - 0x000007fefeb7d000 	C:\Windows\system32\WS2_32.dll
0x000007fefeb20000 - 0x000007fefeb28000 	C:\Windows\system32\NSI.dll
0x000007fefaf60000 - 0x000007fefaf9b000 	C:\Windows\system32\WINMM.dll
0x000007fefc4a0000 - 0x000007fefc4ac000 	C:\Windows\system32\VERSION.dll
0x00000000775c0000 - 0x00000000775c7000 	C:\Windows\system32\PSAPI.DLL
0x000007fefbdf0000 - 0x000007fefbdff000 	C:\Program Files\Android\Android Studio\jre\jre\bin\verify.dll
0x000007fee80c0000 - 0x000007fee80e9000 	C:\Program Files\Android\Android Studio\jre\jre\bin\java.dll
0x000007fee56a0000 - 0x000007fee56b6000 	C:\Program Files\Android\Android Studio\jre\jre\bin\zip.dll
0x000007fefdc10000 - 0x000007fefe998000 	C:\Windows\system32\SHELL32.dll
0x000007feff4f0000 - 0x000007feff6f3000 	C:\Windows\system32\ole32.dll
0x000007fefd340000 - 0x000007fefd34f000 	C:\Windows\system32\profapi.dll
0x000007fee5680000 - 0x000007fee569a000 	C:\Program Files\Android\Android Studio\jre\jre\bin\net.dll
0x000007fefcb70000 - 0x000007fefcbc5000 	C:\Windows\system32\mswsock.dll
0x000007fefcb60000 - 0x000007fefcb67000 	C:\Windows\System32\wship6.dll
0x000007fee5120000 - 0x000007fee5131000 	C:\Program Files\Android\Android Studio\jre\jre\bin\nio.dll
0x000007fed9ca0000 - 0x000007fed9cc6000 	C:\Users\David\.gradle\native\29\windows-amd64\native-platform.dll
0x000007feed0d0000 - 0x000007feed0d3000 	C:\Windows\system32\api-ms-win-core-synch-l1-2-0.DLL
0x000007fefbde0000 - 0x000007fefbded000 	C:\Program Files\Android\Android Studio\jre\jre\bin\management.dll
0x000007fefcbd0000 - 0x000007fefcbe7000 	C:\Windows\system32\CRYPTSP.dll
0x000007fefc8d0000 - 0x000007fefc917000 	C:\Windows\system32\rsaenh.dll
0x000007fefc680000 - 0x000007fefc69e000 	C:\Windows\system32\USERENV.dll
0x000007fefd230000 - 0x000007fefd23f000 	C:\Windows\system32\CRYPTBASE.dll
0x000007fefa6c0000 - 0x000007fefa6e7000 	C:\Windows\system32\IPHLPAPI.DLL
0x000007fefa6b0000 - 0x000007fefa6bb000 	C:\Windows\system32\WINNSI.DLL
0x000007fefa4c0000 - 0x000007fefa4d8000 	C:\Windows\system32\dhcpcsvc.DLL
0x000007fefa490000 - 0x000007fefa4a1000 	C:\Windows\system32\dhcpcsvc6.DLL
0x000007fee04c0000 - 0x000007fee04e4000 	C:\Program Files\Android\Android Studio\jre\jre\bin\sunec.dll
0x000007fefc570000 - 0x000007fefc577000 	C:\Windows\System32\wshtcpip.dll
0x000007fefc9f0000 - 0x000007fefca4b000 	C:\Windows\system32\DNSAPI.dll
0x0000000072e80000 - 0x0000000072ea6000 	C:\Program Files\Bonjour\mdnsNSP.dll
0x000007feed990000 - 0x000007feed998000 	C:\Windows\system32\rasadhlp.dll
0x000007fefa4e0000 - 0x000007fefa533000 	C:\Windows\System32\fwpuclnt.dll
0x000007fefbe00000 - 0x000007fefbe0b000 	C:\Program Files\Android\Android Studio\jre\jre\bin\sunmscapi.dll
0x000007fefd530000 - 0x000007fefd697000 	C:\Windows\system32\CRYPT32.dll
0x000007fefd3e0000 - 0x000007fefd3ef000 	C:\Windows\system32\MSASN1.dll
0x000007fefd1d0000 - 0x000007fefd227000 	C:\Windows\system32\apphelp.dll

VM Arguments:
jvm_args: -Xmx1536m -Dfile.encoding=windows-1252 -Duser.country=PE -Duser.language=es -Duser.variant 
java_command: org.gradle.launcher.daemon.bootstrap.GradleDaemon 5.4.1
java_class_path (initial): C:\Users\David\.gradle\wrapper\dists\gradle-5.4.1-all\3221gyojl5jsh0helicew7rwx\gradle-5.4.1\lib\gradle-launcher-5.4.1.jar
Launcher Type: SUN_STANDARD

Environment Variables:
PATH=C:\Program Files (x86)\Common Files\Oracle\Java\javapath;C:\Windows\system32;C:\Windows;C:\Windows\System32\Wbem;C:\Windows\System32\WindowsPowerShell\v1.0\;C:\Program Files\WIDCOMM\Bluetooth Software\;C:\Program Files\WIDCOMM\Bluetooth Software\syswow64;C:\Program Files\Microsoft SQL Server\120\DTS\Binn\;C:\Program Files\Microsoft SQL Server\Client SDK\ODBC\110\Tools\Binn\;C:\Program Files (x86)\Microsoft SQL Server\120\Tools\Binn\;C:\Program Files\Microsoft SQL Server\120\Tools\Binn\;C:\Program Files (x86)\Microsoft SQL Server\120\Tools\Binn\ManagementStudio\;C:\Program Files (x86)\Microsoft SQL Server\120\DTS\Binn\;C:\Windows\system32\config\systemprofile\.dnx\bin;C:\Program Files\Microsoft DNX\Dnvm\;C:\Program Files (x86)\Windows Kits\8.1\Windows Performance Toolkit\;C:\Program Files\Microsoft SQL Server\130\Tools\Binn\;C:\Program Files\Git\cmd;
USERNAME=David
OS=Windows_NT
PROCESSOR_IDENTIFIER=Intel64 Family 6 Model 42 Stepping 7, GenuineIntel



---------------  S Y S T E M  ---------------

OS: Windows 7 , 64 bit Build 7601 (6.1.7601.18015)

CPU:total 4 (initial active 4) (2 cores per cpu, 2 threads per core) family 6 model 42 stepping 7, cmov, cx8, fxsr, mmx, sse, sse2, sse3, ssse3, sse4.1, sse4.2, popcnt, avx, clmul, ht, tsc, tscinvbit

Memory: 4k page, physical 4140912k(254764k free), swap 6426384k(20216k free)

vm_info: OpenJDK 64-Bit Server VM (25.202-b03) for windows-amd64 JRE (1.8.0_202-release-1483-b03), built by "builder" with MS VC++ 10.0 (VS2010)

time: Sat Jan 11 16:15:31 2020
timezone: Hora est. Pacífico, Sudamérica
elapsed time: 1165 seconds (0d 0h 19m 25s)

